Job ID: 286994
Job Account: quantumsensing
Hosts: dgx22
GPU 0: NVIDIA H100 80GB HBM3 (UUID: GPU-c573e9b2-3570-21d2-d752-306a036ed934)
CUDA VISIBLE DEVICES: 0
------------
======================================================================
Robust Baseline Training
======================================================================
Config: ../../configs/experiment_config.yaml

Device: cuda

Creating task distribution...
  Task variance σ²_θ = 816750000.2707

Target gate: pauli_x

Setting up quantum environment...
QuantumEnvironment initialized: d=2, n_controls=2, T=1.0

Creating policy network...
  Parameters: 184,008

Initializing robust policy...
  Robust type: minimax

Setting up trainer...

Checkpoints will be saved to: checkpoints/robust_minimax.pt

======================================================================
Starting training...
======================================================================

Training robust policy (minimax)...
Iterations: 20, Tasks/batch: 16

Iter 0/20 | Loss: 1.2773 | Max: 1.0000
Iter 2/20 | Loss: 1.0593 | Max: 0.7822

[Validation] Iter 2
  Mean loss: 0.1937 ± 0.0002
  Max loss:  0.1945

Robust policy saved to checkpoints/robust_minimax_best.pt
Policy weights saved to checkpoints/robust_minimax_best_policy.pt
Iter 4/20 | Loss: 0.4686 | Max: 0.1933

[Validation] Iter 4
  Mean loss: 0.3642 ± 0.0006
  Max loss:  0.3657

Iter 6/20 | Loss: 0.6043 | Max: 0.3313

[Validation] Iter 6
  Mean loss: 0.0975 ± 0.0023
  Max loss:  0.1099

Robust policy saved to checkpoints/robust_minimax_best.pt
Policy weights saved to checkpoints/robust_minimax_best_policy.pt
Iter 8/20 | Loss: 0.2935 | Max: 0.0206

[Validation] Iter 8
  Mean loss: 0.0855 ± 0.0011
  Max loss:  0.0892

Robust policy saved to checkpoints/robust_minimax_best.pt
Policy weights saved to checkpoints/robust_minimax_best_policy.pt
Iter 10/20 | Loss: 0.3365 | Max: 0.0636

[Validation] Iter 10
  Mean loss: 0.0018 ± 0.0015
  Max loss:  0.0081

Robust policy saved to checkpoints/robust_minimax_best.pt
Policy weights saved to checkpoints/robust_minimax_best_policy.pt
Iter 12/20 | Loss: 0.3139 | Max: 0.0386

[Validation] Iter 12
  Mean loss: 0.0509 ± 0.0005
  Max loss:  0.0534

Iter 14/20 | Loss: 0.2905 | Max: 0.0152

[Validation] Iter 14
  Mean loss: 0.0062 ± 0.0006
  Max loss:  0.0094

Iter 16/20 | Loss: 0.3100 | Max: 0.0371

[Validation] Iter 16
  Mean loss: 0.0224 ± 0.0009
  Max loss:  0.0271

Iter 18/20 | Loss: 0.2787 | Max: 0.0094

[Validation] Iter 18
  Mean loss: 0.0132 ± 0.0006
  Max loss:  0.0157

Robust policy saved to checkpoints/robust_minimax.pt
Policy weights saved to checkpoints/robust_minimax_policy.pt
Training history saved to: checkpoints/robust_training_history.json

Robust training complete!
Job completed.
